
/home/runner/work/exp-thermal-boundary-layer-iitb/exp-thermal-boundary-layer-iitb/experiment/simulation/common_libraries/js/ts_components/collapse_step.js
   1:10  warning  'show_step' is defined but never used                 no-unused-vars
   2:5   warning  '$' is not defined                                    no-undef
   3:9   warning  '$' is not defined                                    no-undef
   6:10  warning  'hide_step' is defined but never used                 no-unused-vars
   7:5   warning  '$' is not defined                                    no-undef
   8:9   warning  '$' is not defined                                    no-undef
  11:10  warning  'get_collapse_btn_text' is defined but never used     no-unused-vars
  20:10  warning  'get_collapse_btn_element' is defined but never used  no-unused-vars
  29:10  warning  'hide_all_steps' is defined but never used            no-unused-vars
  31:9   warning  '$' is not defined                                    no-undef

/home/runner/work/exp-thermal-boundary-layer-iitb/exp-thermal-boundary-layer-iitb/experiment/simulation/common_libraries/js/ts_components/matrix.js
   27:26  warning  'MathJax' is not defined                                no-undef
   32:7   warning  'Matrix_Without_String' is defined but never used       no-unused-vars
   52:26  warning  'MathJax' is not defined                                no-undef
   56:10  warning  'get_matrix_html' is defined but never used             no-unused-vars
   87:13  warning  'row_html' is assigned a value but never used           no-unused-vars
   99:10  warning  'get_matrix_html_with_title' is defined but never used  no-unused-vars
  131:13  warning  'row_html' is assigned a value but never used           no-unused-vars
  143:10  warning  'convert_2d_to_1d_vector' is defined but never used     no-unused-vars
  156:10  warning  'convert_1d_to_2d_matrix' is defined but never used     no-unused-vars

/home/runner/work/exp-thermal-boundary-layer-iitb/exp-thermal-boundary-layer-iitb/experiment/simulation/common_libraries/js/ts_components/pannel.js
  8:7  warning  'Pannel' is defined but never used  no-unused-vars

/home/runner/work/exp-thermal-boundary-layer-iitb/exp-thermal-boundary-layer-iitb/experiment/simulation/common_libraries/js/ts_components/questions.js
   6:17  warning  'op1' is assigned a value but never used      no-unused-vars
   7:17  warning  'op2' is assigned a value but never used      no-unused-vars
   8:17  warning  'op3' is assigned a value but never used      no-unused-vars
   9:17  warning  'op4' is assigned a value but never used      no-unused-vars
  94:7   warning  'Question_Options' is defined but never used  no-unused-vars

/home/runner/work/exp-thermal-boundary-layer-iitb/exp-thermal-boundary-layer-iitb/experiment/simulation/common_libraries/js/ts_components/tables.js
   19:22  warning  'verify_values' is not defined                                     no-undef
  137:22  warning  'verify_values' is not defined                                     no-undef
  260:7   warning  'Verify_Rows_Cols_6_decimal_places' is defined but never used      no-unused-vars
  311:22  warning  'verify_values' is not defined                                     no-undef
  416:7   warning  'Verify_Rows_Cols_Custom_Fixed_Update1' is defined but never used  no-unused-vars
  468:7   warning  'Show_Table_Custom_Fixed' is defined but never used                no-unused-vars
  506:7   warning  'Verify_Rows_Cols_Strings' is defined but never used               no-unused-vars
  527:22  warning  'verify_values' is not defined                                     no-undef
  663:7   warning  'Display_Table' is defined but never used                          no-unused-vars

/home/runner/work/exp-thermal-boundary-layer-iitb/exp-thermal-boundary-layer-iitb/experiment/simulation/common_libraries/js/ts_math_library/general_math_functions.js
    1:10  warning  'verify_values' is defined but never used                   no-unused-vars
   17:10  warning  'random1' is defined but never used                         no-unused-vars
   21:10  warning  'std_deviation' is defined but never used                   no-unused-vars
   26:10  warning  'gauss' is defined but never used                           no-unused-vars
   56:10  warning  'hide_panel' is defined but never used                      no-unused-vars
   63:10  warning  'inverse_matrix' is defined but never used                  no-unused-vars
   96:10  warning  'matrix_multiplication' is defined but never used           no-unused-vars
  113:10  warning  'transpose_matrix' is defined but never used                no-unused-vars
  123:10  warning  'matrix_multiplication_8decimal' is defined but never used  no-unused-vars
  140:10  warning  'adjoint_2x2_matrix' is defined but never used              no-unused-vars
  145:10  warning  'find_deteminant' is defined but never used                 no-unused-vars
  174:10  warning  'get_Submatrix' is defined but never used                   no-unused-vars

/home/runner/work/exp-thermal-boundary-layer-iitb/exp-thermal-boundary-layer-iitb/experiment/simulation/common_libraries/js/ts_math_library/regression.js
   1:10  warning  'regression_linear' is defined but never used            no-unused-vars
  18:10  warning  'regression_linear_1variable' is defined but never used  no-unused-vars
  27:10  warning  'regression_linear_2variable' is defined but never used  no-unused-vars
  52:11  warning  'gauss' is not defined                                   no-undef

/home/runner/work/exp-thermal-boundary-layer-iitb/exp-thermal-boundary-layer-iitb/experiment/simulation/common_libraries/math.ob.js
  1:745  warning  'b' is already defined  no-redeclare

/home/runner/work/exp-thermal-boundary-layer-iitb/exp-thermal-boundary-layer-iitb/experiment/simulation/js/activity1.js
   15:9    warning  'MathJax' is not defined                        no-undef
   19:10   warning  'start_act1' is defined but never used          no-unused-vars
   24:20   warning  'get_collapse_btn_text' is not defined          no-undef
   33:34   warning  'mu_a1' is not defined                          no-undef
   33:94   warning  'T_inf_a1' is not defined                       no-undef
   34:33   warning  'Cp_a1' is not defined                          no-undef
   34:55   warning  'K_a1' is not defined                           no-undef
   34:81   warning  'rho_a1' is not defined                         no-undef
   35:48   warning  'Tw_a1' is not defined                          no-undef
   35:92   warning  'v_a1' is not defined                           no-undef
   39:76   warning  'Ux_a1' is not defined                          no-undef
   39:103  warning  'del_a1' is not defined                         no-undef
   40:67   warning  'Th_a1' is not defined                          no-undef
   45:50   warning  'Tw_a1' is not defined                          no-undef
   46:50   warning  'Th_a1' is not defined                          no-undef
   47:56   warning  'T_inf_a1' is not defined                       no-undef
   58:33   warning  Unnecessary escape character: \∞                no-useless-escape
   69:5    warning  'hide_all_steps' is not defined                 no-undef
   71:9    warning  'MathJax' is not defined                        no-undef
   74:9    warning  'show_step' is not defined                      no-undef
   79:5    warning  'Tw_a1' is not defined                          no-undef
   79:13   warning  'random1' is not defined                        no-undef
   80:5    warning  'Ux_a1' is not defined                          no-undef
   80:24   warning  'random' is not defined                         no-undef
   81:5    warning  'Th_a1' is not defined                          no-undef
   81:24   warning  'random' is not defined                         no-undef
   82:5    warning  'U_a1' is not defined                           no-undef
   82:12   warning  'Ux_a1' is not defined                          no-undef
   82:20   warning  'v_a1' is not defined                           no-undef
   83:5    warning  'Rex_a1' is not defined                         no-undef
   83:15   warning  'rho_a1' is not defined                         no-undef
   83:24   warning  'v_a1' is not defined                           no-undef
   83:32   warning  'mu_a1' is not defined                          no-undef
   84:5    warning  'x_a1' is not defined                           no-undef
   86:9    warning  'x_a1' is not defined                           no-undef
   86:17   warning  'del_a1' is not defined                         no-undef
   86:36   warning  'Rex_a1' is not defined                         no-undef
   86:45   warning  'x_a1' is not defined                           no-undef
   88:5    warning  'T_a1' is not defined                           no-undef
   88:13   warning  'Tw_a1' is not defined                          no-undef
   88:21   warning  'Th_a1' is not defined                          no-undef
   88:31   warning  'Tw_a1' is not defined                          no-undef
   88:39   warning  'T_inf_a1' is not defined                       no-undef
   89:5    warning  'Pr_a1' is not defined                          no-undef
   89:14   warning  'mu_a1' is not defined                          no-undef
   89:22   warning  'Cp_a1' is not defined                          no-undef
   89:31   warning  'K_a1' is not defined                           no-undef
   90:5    warning  'del_t_a1' is not defined                       no-undef
   90:16   warning  'del_a1' is not defined                         no-undef
   90:43   warning  'Pr_a1' is not defined                          no-undef
   91:26   warning  'Tw_a1' is not defined                          no-undef
   92:26   warning  'Ux_a1' is not defined                          no-undef
   93:26   warning  'Th_a1' is not defined                          no-undef
   94:25   warning  'U_a1' is not defined                           no-undef
   95:27   warning  'Rex_a1' is not defined                         no-undef
   96:25   warning  'x_a1' is not defined                           no-undef
   97:25   warning  'T_a1' is not defined                           no-undef
   98:26   warning  'Pr_a1' is not defined                          no-undef
   99:29   warning  'del_t_a1' is not defined                       no-undef
  101:10   warning  'a1_verify_u' is defined but never used         no-unused-vars
  103:17   warning  'U_a1' is not defined                           no-undef
  104:10   warning  'verify_values' is not defined                  no-undef
  104:47   warning  'U_a1' is not defined                           no-undef
  118:27   warning  Unnecessary escape character: \∞                no-useless-escape
  118:47   warning  'U_a1' is not defined                           no-undef
  125:13   warning  Unnecessary escape character: \∴                no-useless-escape
  125:16   warning  Unnecessary escape character: \δ                no-useless-escape
  125:23   warning  'del_a1' is not defined                         no-undef
  132:32   warning  Unnecessary escape character: \ρ                no-useless-escape
  132:38   warning  Unnecessary escape character: \μ                no-useless-escape
  144:9    warning  'MathJax' is not defined                        no-undef
  147:10   warning  'a1_verify_Rex' is defined but never used       no-unused-vars
  149:17   warning  'Rex_a1' is not defined                         no-undef
  150:10   warning  'verify_values' is not defined                  no-undef
  150:47   warning  'Rex_a1' is not defined                         no-undef
  164:26   warning  Unnecessary escape character: \ρ                no-useless-escape
  164:32   warning  Unnecessary escape character: \μ                no-useless-escape
  164:52   warning  'Rex_a1' is not defined                         no-undef
  174:13   warning  Unnecessary escape character: \δ                no-useless-escape
  192:9    warning  'MathJax' is not defined                        no-undef
  195:10   warning  'a1_verify_x' is defined but never used         no-unused-vars
  197:17   warning  'x_a1' is not defined                           no-undef
  198:10   warning  'verify_values' is not defined                  no-undef
  198:47   warning  'x_a1' is not defined                           no-undef
  212:30   warning  'x_a1' is not defined                           no-undef
  223:45   warning  Unnecessary escape character: \∞                no-useless-escape
  235:9    warning  'MathJax' is not defined                        no-undef
  238:10   warning  'a1_verify_T' is defined but never used         no-unused-vars
  240:17   warning  'T_a1' is not defined                           no-undef
  241:10   warning  'verify_values' is not defined                  no-undef
  241:47   warning  'T_a1' is not defined                           no-undef
  255:39   warning  Unnecessary escape character: \∞                no-useless-escape
  255:60   warning  'T_a1' is not defined                           no-undef
  266:30   warning  Unnecessary escape character: \μ                no-useless-escape
  278:9    warning  'MathJax' is not defined                        no-undef
  281:10   warning  'a1_verify_Pr' is defined but never used        no-unused-vars
  283:17   warning  'Pr_a1' is not defined                          no-undef
  284:10   warning  'verify_values' is not defined                  no-undef
  284:47   warning  'Pr_a1' is not defined                          no-undef
  298:24   warning  Unnecessary escape character: \μ                no-useless-escape
  298:50   warning  'Pr_a1' is not defined                          no-undef
  305:20   warning  Unnecessary escape character: \δ                no-useless-escape
  305:26   warning  Unnecessary escape character: \δ                no-useless-escape
  305:48   warning  Unnecessary escape character: \×                no-useless-escape
  311:18   warning  Unnecessary escape character: \δ                no-useless-escape
  323:9    warning  'MathJax' is not defined                        no-undef
  326:10   warning  'a1_verify_del_t' is defined but never used     no-unused-vars
  328:17   warning  'del_t_a1' is not defined                       no-undef
  329:10   warning  'verify_values' is not defined                  no-undef
  329:47   warning  'del_t_a1' is not defined                       no-undef
  343:12   warning  Unnecessary escape character: \δ                no-useless-escape
  343:33   warning  'del_t_a1' is not defined                       no-undef
  352:9    warning  'MathJax' is not defined                        no-undef
  355:10   warning  'activity_completed' is defined but never used  no-unused-vars

/home/runner/work/exp-thermal-boundary-layer-iitb/exp-thermal-boundary-layer-iitb/experiment/simulation/js/activity2.js
    2:10   warning  'activity2' is defined but never used           no-unused-vars
    5:20   warning  'get_collapse_btn_text' is not defined          no-undef
   13:19   warning  'T_air_a2' is not defined                       no-undef
   13:73   warning  'v_a2' is not defined                           no-undef
   13:112  warning  'Tp_a2' is not defined                          no-undef
   14:48   warning  'x1_cm_a2' is not defined                       no-undef
   14:66   warning  'x2_cm_a2' is not defined                       no-undef
   20:22   warning  'nu_a2' is not defined                          no-undef
   22:38   warning  'K_a2' is not defined                           no-undef
   23:39   warning  'Pr_a2' is not defined                          no-undef
   24:50   warning  'Cp_a2' is not defined                          no-undef
   28:12   warning  'x1_cm_a2' is not defined                       no-undef
   43:5    warning  'maindiv' is not defined                        no-undef
   44:5    warning  'hide_all_steps' is not defined                 no-undef
   46:9    warning  'MathJax' is not defined                        no-undef
   49:9    warning  'show_step' is not defined                      no-undef
   54:5    warning  'v_a2' is not defined                           no-undef
   54:12   warning  'random1' is not defined                        no-undef
   55:5    warning  'x1_cm_a2' is not defined                       no-undef
   55:16   warning  'random1' is not defined                        no-undef
   56:5    warning  'x1_m_a2' is not defined                        no-undef
   56:15   warning  'x1_cm_a2' is not defined                       no-undef
   57:5    warning  'x2_cm_a2' is not defined                       no-undef
   57:16   warning  'random1' is not defined                        no-undef
   58:5    warning  'x2_m_a2' is not defined                        no-undef
   58:15   warning  'x2_cm_a2' is not defined                       no-undef
   59:5    warning  'Re_x1_a2' is not defined                       no-undef
   59:17   warning  'v_a2' is not defined                           no-undef
   59:24   warning  'x1_m_a2' is not defined                        no-undef
   59:35   warning  'nu_a2' is not defined                          no-undef
   60:5    warning  'hx_x1_a2' is not defined                       no-undef
   60:34   warning  'Re_x1_a2' is not defined                       no-undef
   60:60   warning  'Pr_a2' is not defined                          no-undef
   60:78   warning  'K_a2' is not defined                           no-undef
   60:86   warning  'x1_m_a2' is not defined                        no-undef
   61:5    warning  'h_avg_x1_a2' is not defined                    no-undef
   61:23   warning  'hx_x1_a2' is not defined                       no-undef
   62:5    warning  'Q_x1_a2' is not defined                        no-undef
   62:15   warning  'h_avg_x1_a2' is not defined                    no-undef
   62:30   warning  'x1_m_a2' is not defined                        no-undef
   62:40   warning  'w_a2' is not defined                           no-undef
   62:49   warning  'Tp_a2' is not defined                          no-undef
   62:57   warning  'T_air_a2' is not defined                       no-undef
   63:5    warning  'Re_x2_a2' is not defined                       no-undef
   63:17   warning  'v_a2' is not defined                           no-undef
   63:24   warning  'x2_m_a2' is not defined                        no-undef
   63:35   warning  'nu_a2' is not defined                          no-undef
   64:5    warning  'hx_x2_a2' is not defined                       no-undef
   64:34   warning  'Re_x2_a2' is not defined                       no-undef
   64:60   warning  'Pr_a2' is not defined                          no-undef
   64:78   warning  'K_a2' is not defined                           no-undef
   64:86   warning  'x2_m_a2' is not defined                        no-undef
   65:5    warning  'h_avg_x2_a2' is not defined                    no-undef
   65:23   warning  'hx_x2_a2' is not defined                       no-undef
   66:5    warning  'Q_x2_a2' is not defined                        no-undef
   66:15   warning  'h_avg_x2_a2' is not defined                    no-undef
   66:30   warning  'x2_m_a2' is not defined                        no-undef
   66:40   warning  'w_a2' is not defined                           no-undef
   66:49   warning  'Tp_a2' is not defined                          no-undef
   66:57   warning  'T_air_a2' is not defined                       no-undef
   67:5    warning  'Q_a2' is not defined                           no-undef
   67:12   warning  'Q_x2_a2' is not defined                        no-undef
   67:22   warning  'Q_x1_a2' is not defined                        no-undef
   68:25   warning  'v_a2' is not defined                           no-undef
   69:29   warning  'x1_cm_a2' is not defined                       no-undef
   70:28   warning  'x1_m_a2' is not defined                        no-undef
   71:29   warning  'x2_cm_a2' is not defined                       no-undef
   72:28   warning  'x2_m_a2' is not defined                        no-undef
   73:29   warning  'Re_x1_a2' is not defined                       no-undef
   74:29   warning  'hx_x1_a2' is not defined                       no-undef
   75:32   warning  'h_avg_x1_a2' is not defined                    no-undef
   76:28   warning  'Q_x1_a2' is not defined                        no-undef
   77:29   warning  'Re_x2_a2' is not defined                       no-undef
   78:29   warning  'hx_x2_a2' is not defined                       no-undef
   79:32   warning  'h_avg_x2_a2' is not defined                    no-undef
   80:28   warning  'Q_x2_a2' is not defined                        no-undef
   81:25   warning  'Q_a2' is not defined                           no-undef
   83:10   warning  'a2_verify_Re_x1' is defined but never used     no-unused-vars
   85:17   warning  'Re_x1_a2' is not defined                       no-undef
   86:10   warning  'verify_values' is not defined                  no-undef
   86:47   warning  'Re_x1_a2' is not defined                       no-undef
  100:49   warning  'Re_x1_a2' is not defined                       no-undef
  107:13   warning  Unnecessary escape character: \∴                no-useless-escape
  107:25   warning  Unnecessary escape character: \×                no-useless-escape
  116:31   warning  Unnecessary escape character: \×                no-useless-escape
  127:13   warning  Unnecessary escape character: \∴                no-useless-escape
  127:48   warning  Unnecessary escape character: \×                no-useless-escape
  140:9    warning  'MathJax' is not defined                        no-undef
  143:10   warning  'a2_verify_hx_x1' is defined but never used     no-unused-vars
  145:17   warning  'hx_x1_a2' is not defined                       no-undef
  146:10   warning  'verify_values' is not defined                  no-undef
  146:47   warning  'hx_x1_a2' is not defined                       no-undef
  160:12   warning  Unnecessary escape character: \∴                no-useless-escape
  160:47   warning  Unnecessary escape character: \×                no-useless-escape
  160:78   warning  'hx_x1_a2' is not defined                       no-undef
  187:9    warning  'MathJax' is not defined                        no-undef
  190:10   warning  'a2_verify_h_avg_x1' is defined but never used  no-unused-vars
  192:17   warning  'h_avg_x1_a2' is not defined                    no-undef
  193:10   warning  'verify_values' is not defined                  no-undef
  193:47   warning  'h_avg_x1_a2' is not defined                    no-undef
  207:42   warning  'h_avg_x1_a2' is not defined                    no-undef
  214:31   warning  'x1_cm_a2' is not defined                       no-undef
  221:24   warning  'x1_cm_a2' is not defined                       no-undef
  221:44   warning  Unnecessary escape character: \×                no-useless-escape
  221:49   warning  Unnecessary escape character: \×                no-useless-escape
  221:52   warning  Unnecessary escape character: \Δ                no-useless-escape
  234:9    warning  'MathJax' is not defined                        no-undef
  237:10   warning  'a2_verify_Q_x1' is defined but never used      no-unused-vars
  239:17   warning  'Q_x1_a2' is not defined                        no-undef
  240:10   warning  'verify_values' is not defined                  no-undef
  240:47   warning  'Q_x1_a2' is not defined                        no-undef
  254:17   warning  'x1_cm_a2' is not defined                       no-undef
  254:37   warning  Unnecessary escape character: \×                no-useless-escape
  254:42   warning  Unnecessary escape character: \×                no-useless-escape
  254:45   warning  Unnecessary escape character: \Δ                no-useless-escape
  254:64   warning  'Q_x1_a2' is not defined                        no-undef
  261:12   warning  'x2_cm_a2' is not defined                       no-undef
  277:9    warning  'MathJax' is not defined                        no-undef
  280:10   warning  'a2_verify_Re_x2' is defined but never used     no-unused-vars
  282:17   warning  'Re_x2_a2' is not defined                       no-undef
  283:10   warning  'verify_values' is not defined                  no-undef
  283:47   warning  'Re_x2_a2' is not defined                       no-undef
  297:49   warning  'Re_x2_a2' is not defined                       no-undef
  304:13   warning  Unnecessary escape character: \∴                no-useless-escape
  304:25   warning  Unnecessary escape character: \×                no-useless-escape
  313:31   warning  Unnecessary escape character: \×                no-useless-escape
  324:13   warning  Unnecessary escape character: \∴                no-useless-escape
  324:48   warning  Unnecessary escape character: \×                no-useless-escape
  337:9    warning  'MathJax' is not defined                        no-undef
  340:10   warning  'a2_verify_hx_x2' is defined but never used     no-unused-vars
  342:17   warning  'hx_x2_a2' is not defined                       no-undef
  343:10   warning  'verify_values' is not defined                  no-undef
  343:47   warning  'hx_x2_a2' is not defined                       no-undef
  357:12   warning  Unnecessary escape character: \∴                no-useless-escape
  357:47   warning  Unnecessary escape character: \×                no-useless-escape
  357:78   warning  'hx_x2_a2' is not defined                       no-undef
  384:9    warning  'MathJax' is not defined                        no-undef
  387:10   warning  'a2_verify_h_avg_x2' is defined but never used  no-unused-vars
  389:17   warning  'h_avg_x2_a2' is not defined                    no-undef
  390:10   warning  'verify_values' is not defined                  no-undef
  390:47   warning  'h_avg_x2_a2' is not defined                    no-undef
  404:42   warning  'h_avg_x2_a2' is not defined                    no-undef
  411:31   warning  'x2_cm_a2' is not defined                       no-undef
  418:24   warning  'x2_cm_a2' is not defined                       no-undef
  418:44   warning  Unnecessary escape character: \×                no-useless-escape
  418:49   warning  Unnecessary escape character: \×                no-useless-escape
  418:52   warning  Unnecessary escape character: \Δ                no-useless-escape
  431:9    warning  'MathJax' is not defined                        no-undef
  434:10   warning  'a2_verify_Q_x2' is defined but never used      no-unused-vars
  436:17   warning  'Q_x2_a2' is not defined                        no-undef
  437:10   warning  'verify_values' is not defined                  no-undef
  437:47   warning  'Q_x2_a2' is not defined                        no-undef
  451:17   warning  'x2_cm_a2' is not defined                       no-undef
  451:37   warning  Unnecessary escape character: \×                no-useless-escape
  451:42   warning  Unnecessary escape character: \×                no-useless-escape
  451:45   warning  Unnecessary escape character: \Δ                no-useless-escape
  451:64   warning  'Q_x2_a2' is not defined                        no-undef
  458:34   warning  'x1_cm_a2' is not defined                       no-undef
  458:52   warning  'x2_cm_a2' is not defined                       no-undef
  463:28   warning  'x2_cm_a2' is not defined                       no-undef
  463:46   warning  'x1_cm_a2' is not defined                       no-undef
  474:9    warning  'MathJax' is not defined                        no-undef
  477:10   warning  'a2_verify_Q' is defined but never used         no-unused-vars
  479:17   warning  'Q_a2' is not defined                           no-undef
  480:10   warning  'verify_values' is not defined                  no-undef
  480:47   warning  'Q_a2' is not defined                           no-undef
  494:21   warning  'x2_cm_a2' is not defined                       no-undef
  494:39   warning  'x1_cm_a2' is not defined                       no-undef
  494:66   warning  'Q_a2' is not defined                           no-undef
  505:9    warning  'MathJax' is not defined                        no-undef

/home/runner/work/exp-thermal-boundary-layer-iitb/exp-thermal-boundary-layer-iitb/experiment/simulation/js/data.js
   2:5  warning  'mu_a1' is assigned a value but never used     no-unused-vars
   3:5  warning  'T_inf_a1' is assigned a value but never used  no-unused-vars
   4:5  warning  'Cp_a1' is assigned a value but never used     no-unused-vars
   5:5  warning  'K_a1' is assigned a value but never used      no-unused-vars
   6:5  warning  'rho_a1' is assigned a value but never used    no-unused-vars
   7:5  warning  'Tw_a1' is assigned a value but never used     no-unused-vars
   8:5  warning  'v_a1' is assigned a value but never used      no-unused-vars
   9:5  warning  'Ux_a1' is assigned a value but never used     no-unused-vars
  10:5  warning  'del_a1' is assigned a value but never used    no-unused-vars
  11:5  warning  'Th_a1' is assigned a value but never used     no-unused-vars
  12:5  warning  'U_a1' is defined but never used               no-unused-vars
  13:5  warning  'Rex_a1' is defined but never used             no-unused-vars
  14:5  warning  'x_a1' is defined but never used               no-unused-vars
  15:5  warning  'T_a1' is defined but never used               no-unused-vars
  16:5  warning  'Pr_a1' is defined but never used              no-unused-vars
  17:5  warning  'del_t_a1' is defined but never used           no-unused-vars
  19:5  warning  'T_air_a2' is assigned a value but never used  no-unused-vars
  20:5  warning  'v_a2' is assigned a value but never used      no-unused-vars
  21:5  warning  'Tp_a2' is assigned a value but never used     no-unused-vars
  23:5  warning  'x1_m_a2' is assigned a value but never used   no-unused-vars
  25:5  warning  'x2_m_a2' is assigned a value but never used   no-unused-vars
  26:5  warning  'w_a2' is assigned a value but never used      no-unused-vars
  27:5  warning  'nu_a2' is assigned a value but never used     no-unused-vars
  28:5  warning  'K_a2' is assigned a value but never used      no-unused-vars
  29:5  warning  'Pr_a2' is assigned a value but never used     no-unused-vars
  30:5  warning  'Cp_a2' is assigned a value but never used     no-unused-vars
  31:5  warning  'Re_x1_a2' is defined but never used           no-unused-vars
  32:5  warning  'hx_x1_a2' is defined but never used           no-unused-vars
  33:5  warning  'h_avg_x1_a2' is defined but never used        no-unused-vars
  34:5  warning  'Q_x1_a2' is defined but never used            no-unused-vars
  35:5  warning  'Re_x2_a2' is defined but never used           no-unused-vars
  36:5  warning  'hx_x2_a2' is defined but never used           no-unused-vars
  37:5  warning  'h_avg_x2_a2' is defined but never used        no-unused-vars
  38:5  warning  'Q_x2_a2' is defined but never used            no-unused-vars
  39:5  warning  'Q_a2' is defined but never used               no-unused-vars

/home/runner/work/exp-thermal-boundary-layer-iitb/exp-thermal-boundary-layer-iitb/experiment/simulation/js/screen_size.js
  1:10  warning  'set_screen_size' is defined but never used  no-unused-vars

✖ 371 problems (0 errors, 371 warnings)

